[2025-02-25 22:06:20] [INFO] - DELETE /api/books/2 - Book deleted successfully
[2025-02-25 22:06:24] [WARN] - GET /api/books/2 - Book not found
[2025-02-25 22:06:42] [INFO] - GET /api/books/3 - Book found
[2025-02-25 22:07:53] [INFO] - PUT /api/books/42 - Book updated successfully
[2025-02-25 22:07:59] [INFO] - DELETE /api/books/42 - Book deleted successfully
[2025-02-25 22:10:02] [WARN] - GET /api/books/41 - Book not found
[2025-02-25 22:10:08] [INFO] - GET /api/books/40 - Book found
[2025-02-25 22:28:03] [INFO] - GET /api/books - Fetching all books
[2025-02-25 22:28:16] [INFO] - POST /api/books - Creating a new book
[2025-02-25 22:28:16] [INFO] - SUCCESS /api/books - Book created with ID 43
[2025-02-25 22:28:34] [INFO] - PUT /api/books/43 - Book updated successfully
[2025-02-25 22:28:39] [INFO] - DELETE /api/books/43 - Book deleted successfully
[2025-02-25 22:28:58] [INFO] - GET /api/issuances - Fetching all issuances
[2025-02-25 22:29:42] [INFO] - POST /api/issuances - Creating a new issuance
[2025-02-25 22:29:43] [INFO] - SUCCESS /api/issuances - Issuance created with ID 24
[2025-02-25 22:35:48] [INFO] - SUCCESS /api/issuances/24 - Issuance updated successfully
[2025-02-25 22:36:44] [INFO] - GET /api/issuances/24 - Fetching issuance details
[2025-02-25 22:36:44] [INFO] - GET /api/issuances/24 - Updating issuance
[2025-02-25 22:37:06] [INFO] - GET /api/issuances/24 - Fetching issuance details
[2025-02-25 22:37:06] [INFO] - GET /api/issuances/24 - Updating issuance
[2025-02-25 22:37:22] [INFO] - PUT /api/issuances/24 - Issuance updated successfully
[2025-02-25 22:37:28] [INFO] - DELETE /api/issuances/24 - Issuance deleted successfully
[2025-02-25 22:37:45] [INFO] - GET /api/members - Fetching all members
[2025-02-25 22:38:15] [INFO] - POST /api/members - Creating a new member
[2025-02-25 22:38:16] [INFO] - SUCCESS /api/members - Member created with ID 26
[2025-02-25 22:39:34] [INFO] - PUT /api/members/26 - Updating member
[2025-02-25 22:39:37] [INFO] - PUT /api/members/26 - Update successful
[2025-02-25 22:39:49] [INFO] - DELETE /api/members/26 - Deleting member
[2025-02-25 22:39:49] [INFO] - DELETE /api/members/26 - Deleted successfully
[2025-02-25 22:40:09] [INFO] - GET /api/books - Fetching all books
[2025-02-25 22:40:42] [INFO] - POST /api/books - Creating a new book
[2025-02-25 22:40:42] [ERROR] - ERROR /api/books - Missing required fields
[2025-02-25 22:41:04] [INFO] - POST /api/books - Creating a new book
[2025-02-25 22:41:07] [INFO] - SUCCESS /api/books - Book created with ID 44
[2025-02-25 22:41:19] [INFO] - PUT /api/books/44 - Book updated successfully
[2025-02-25 22:41:28] [INFO] - DELETE /api/books/44 - Book deleted successfully
[2025-02-25 22:41:42] [INFO] - GET /api/issuances - Fetching all issuances
[2025-02-25 22:42:08] [INFO] - GET /api/issuances - Fetching all issuances
[2025-02-25 22:42:17] [INFO] - POST /api/issuances - Creating a new issuance
[2025-02-25 22:42:18] [INFO] - SUCCESS /api/issuances - Issuance created with ID 25
[2025-02-25 22:42:37] [INFO] - PUT /api/issuances/25 - Issuance updated successfully
[2025-02-25 22:42:43] [INFO] - DELETE /api/issuances/25 - Issuance deleted successfully
[2025-02-25 22:43:00] [INFO] - GET /api/members - Fetching all members
[2025-02-25 22:43:18] [INFO] - POST /api/members - Creating a new member
[2025-02-25 22:43:19] [INFO] - SUCCESS /api/members - Member created with ID 27
[2025-02-25 22:43:32] [INFO] - PUT /api/members/25 - Updating member
[2025-02-25 22:43:33] [ERROR] - PUT /api/members/25 - Error: PrismaClientKnownRequestError: 
Invalid `__TURBOPACK__imported__module__$5b$project$5d2f$app$2f$lib$2f$prisma$2e$ts__$5b$app$2d$route$5d$__$28$ecmascript$29$__["default"].member.update()` invocation in
/Users/parandhamareddybommaka/Desktop/Library-management-system/.next/server/chunks/[root of the server]__b81e84._.js:257:174

  254 }
  255 try {
  256     const body = await req.json();
→ 257     const updatedMember = await __TURBOPACK__imported__module__$5b$project$5d2f$app$2f$lib$2f$prisma$2e$ts__$5b$app$2d$route$5d$__$28$ecmascript$29$__["default"].member.update(
Unique constraint failed on the fields: (`mem_email`)
[2025-02-25 22:43:47] [INFO] - PUT /api/members/25 - Updating member
[2025-02-25 22:43:48] [INFO] - PUT /api/members/25 - Update successful
[2025-02-25 22:45:53] [INFO] - GET /api/members/25 - Fetching member
[2025-02-25 22:45:56] [INFO] - GET /api/members/25 - Member found
[2025-02-25 22:46:00] [INFO] - GET /api/members/26 - Fetching member
[2025-02-25 22:46:00] [WARN] - GET /api/members/26 - Member not found
[2025-02-25 22:46:05] [INFO] - DELETE /api/members/25 - Deleting member
[2025-02-25 22:46:05] [INFO] - DELETE /api/members/25 - Deleted successfully
[2025-02-25 22:47:10] [INFO] - GET /api/books/1 - Book found
[2025-02-25 22:47:17] [INFO] - GET /api/issuances/1 - Fetching issuance details
[2025-02-25 22:47:17] [INFO] - GET /api/issuances/1 - Updating issuance
[2025-02-25 22:47:27] [INFO] - GET /api/members/1 - Fetching member
[2025-02-25 22:47:29] [INFO] - GET /api/members/1 - Member found
[2025-02-25 22:57:34] [INFO] - GET /api/issuances/1 - Fetching issuance
[2025-02-25 17:41:24] [INFO] - GET /api/overdue - Fetching overdue books
[2025-02-25 17:41:29] [INFO] - GET /api/overdue - Fetching overdue books
[2025-02-25 17:41:35] [INFO] - GET /api/overdue - Fetching overdue books
[2025-02-25 18:00:42] [INFO] - GET /api/books - Fetching all books
[2025-02-25 18:19:41] [INFO] - GET /api/books - Fetching all books
[2025-02-25 18:19:58] [INFO] - GET /api/issuances - Fetching all issuances
[2025-02-25 18:32:50] [INFO] - GET /api/overdue - Fetching overdue books
[2025-02-25 18:32:50] [INFO] - GET /api/overdue - Fetching overdue books
[2025-02-25 18:33:04] [INFO] - GET /api/overdue - Fetching overdue books
[2025-02-25 18:33:16] [INFO] - GET /api/overdue - Fetching overdue books
[2025-02-25 18:33:38] [INFO] - GET /api/overdue - Fetching overdue books
[2025-02-25 18:33:44] [INFO] - GET /api/overdue - Fetching overdue books
[2025-02-25 18:33:44] [INFO] - GET /api/overdue - Fetching overdue books
[2025-02-25 18:33:54] [INFO] - GET /api/books - Fetching all books
[2025-02-25 18:33:54] [INFO] - GET /api/books - Fetching all books
[2025-02-25 18:33:56] [INFO] - GET /api/members - Fetching all members
[2025-02-25 18:33:56] [INFO] - GET /api/members - Fetching all members
[2025-02-25 18:33:58] [INFO] - GET /api/issuances - Fetching all issuances
[2025-02-25 18:33:58] [INFO] - GET /api/issuances - Fetching all issuances
[2025-02-25 18:33:58] [INFO] - GET /api/never-borrowed - Fetching books that were never borrowed
[2025-02-25 18:33:58] [INFO] - GET /api/outstanding - Fetching outstanding books
[2025-02-25 18:33:58] [INFO] - GET /api/top-borrowed - Fetching top 10 most borrowed books
[2025-02-25 18:33:58] [INFO] - GET /api/outstanding - Fetching outstanding books
[2025-02-25 18:33:58] [INFO] - GET /api/never-borrowed - Fetching books that were never borrowed
[2025-02-25 18:33:58] [INFO] - GET /api/top-borrowed - Fetching top 10 most borrowed books
[2025-02-25 18:33:59] [INFO] - GET /api/books - Fetching all books
[2025-02-25 18:33:59] [INFO] - GET /api/books - Fetching all books
[2025-02-25 18:34:00] [INFO] - GET /api/never-borrowed - Fetching books that were never borrowed
[2025-02-25 18:34:00] [INFO] - GET /api/top-borrowed - Fetching top 10 most borrowed books
[2025-02-25 18:34:00] [INFO] - GET /api/outstanding - Fetching outstanding books
[2025-02-25 18:34:00] [INFO] - GET /api/top-borrowed - Fetching top 10 most borrowed books
[2025-02-25 18:34:00] [INFO] - GET /api/never-borrowed - Fetching books that were never borrowed
[2025-02-25 18:34:00] [INFO] - GET /api/outstanding - Fetching outstanding books
[2025-02-25 18:34:03] [INFO] - GET /api/overdue - Fetching overdue books
[2025-02-25 18:34:03] [INFO] - GET /api/overdue - Fetching overdue books
[2025-02-25 18:34:05] [INFO] - GET /api/issuances - Fetching all issuances
[2025-02-25 18:34:05] [INFO] - GET /api/issuances - Fetching all issuances
[2025-02-25 18:43:51] [INFO] - GET /api/overdue - Fetching overdue books
[2025-02-25 18:43:51] [INFO] - GET /api/overdue - Fetching overdue books
[2025-02-25 18:43:53] [INFO] - GET /api/books - Fetching all books
[2025-02-25 18:43:53] [INFO] - GET /api/books - Fetching all books
[2025-02-25 18:43:55] [INFO] - GET /api/overdue - Fetching overdue books
[2025-02-25 18:43:55] [INFO] - GET /api/overdue - Fetching overdue books
[2025-02-25 18:45:02] [INFO] - GET /api/overdue - Fetching overdue books
[2025-02-25 18:45:05] [INFO] - GET /api/books - Fetching all books
[2025-02-25 18:45:05] [INFO] - GET /api/books - Fetching all books
[2025-02-25 18:45:08] [INFO] - GET /api/members - Fetching all members
[2025-02-25 18:45:08] [INFO] - GET /api/members - Fetching all members
[2025-02-25 18:45:12] [INFO] - GET /api/issuances - Fetching all issuances
[2025-02-25 18:45:12] [INFO] - GET /api/issuances - Fetching all issuances
[2025-02-25 18:45:13] [INFO] - GET /api/never-borrowed - Fetching books that were never borrowed
[2025-02-25 18:45:13] [INFO] - GET /api/top-borrowed - Fetching top 10 most borrowed books
[2025-02-25 18:45:13] [INFO] - GET /api/outstanding - Fetching outstanding books
[2025-02-25 18:45:13] [INFO] - GET /api/top-borrowed - Fetching top 10 most borrowed books
[2025-02-25 18:45:13] [INFO] - GET /api/never-borrowed - Fetching books that were never borrowed
[2025-02-25 18:45:13] [INFO] - GET /api/outstanding - Fetching outstanding books
[2025-02-25 18:45:18] [INFO] - GET /api/overdue - Fetching overdue books
[2025-02-25 18:45:18] [INFO] - GET /api/overdue - Fetching overdue books
[2025-02-25 18:48:01] [INFO] - GET /api/overdue - Fetching overdue books
[2025-02-25 18:48:20] [INFO] - GET /api/books - Fetching all books
[2025-02-25 18:48:20] [INFO] - GET /api/books - Fetching all books
[2025-02-25 18:48:25] [INFO] - GET /api/members - Fetching all members
[2025-02-25 18:48:25] [INFO] - GET /api/members - Fetching all members
[2025-02-25 18:48:28] [INFO] - GET /api/issuances - Fetching all issuances
[2025-02-25 18:48:28] [INFO] - GET /api/issuances - Fetching all issuances
[2025-02-25 18:48:32] [INFO] - GET /api/top-borrowed - Fetching top 10 most borrowed books
[2025-02-25 18:48:32] [INFO] - GET /api/outstanding - Fetching outstanding books
[2025-02-25 18:48:32] [INFO] - GET /api/never-borrowed - Fetching books that were never borrowed
[2025-02-25 18:48:32] [INFO] - GET /api/never-borrowed - Fetching books that were never borrowed
[2025-02-25 18:48:32] [INFO] - GET /api/top-borrowed - Fetching top 10 most borrowed books
[2025-02-25 18:48:32] [INFO] - GET /api/outstanding - Fetching outstanding books
[2025-02-25 18:49:29] [INFO] - GET /api/issuances - Fetching all issuances
[2025-02-25 18:49:29] [INFO] - GET /api/issuances - Fetching all issuances
[2025-02-25 18:49:31] [INFO] - GET /api/members - Fetching all members
[2025-02-25 18:49:31] [INFO] - GET /api/members - Fetching all members
[2025-02-25 18:49:32] [INFO] - GET /api/books - Fetching all books
[2025-02-25 18:49:32] [INFO] - GET /api/books - Fetching all books
[2025-02-25 18:49:34] [INFO] - GET /api/overdue - Fetching overdue books
[2025-02-25 18:49:34] [INFO] - GET /api/overdue - Fetching overdue books
[2025-02-25 18:54:29] [INFO] - GET /api/overdue - Fetching overdue books
[2025-02-25 18:54:47] [INFO] - GET /api/books - Fetching all books
[2025-02-25 18:54:47] [INFO] - GET /api/books - Fetching all books
[2025-02-25 18:54:50] [INFO] - GET /api/members - Fetching all members
[2025-02-25 18:54:50] [INFO] - GET /api/members - Fetching all members
[2025-02-25 18:54:52] [INFO] - GET /api/issuances - Fetching all issuances
[2025-02-25 18:54:52] [INFO] - GET /api/issuances - Fetching all issuances
[2025-02-25 18:54:56] [INFO] - GET /api/never-borrowed - Fetching books that were never borrowed
[2025-02-25 18:54:56] [INFO] - GET /api/outstanding - Fetching outstanding books
[2025-02-25 18:54:56] [INFO] - GET /api/top-borrowed - Fetching top 10 most borrowed books
[2025-02-25 18:54:56] [INFO] - GET /api/never-borrowed - Fetching books that were never borrowed
[2025-02-25 18:54:56] [INFO] - GET /api/outstanding - Fetching outstanding books
[2025-02-25 18:54:56] [INFO] - GET /api/top-borrowed - Fetching top 10 most borrowed books
[2025-02-25 18:55:06] [INFO] - GET /api/overdue - Fetching overdue books
[2025-02-25 18:55:06] [INFO] - GET /api/overdue - Fetching overdue books
[2025-02-25 18:56:50] [INFO] - GET /api/overdue - Fetching overdue books
[2025-02-25 18:56:53] [INFO] - GET /api/books - Fetching all books
[2025-02-25 18:56:53] [INFO] - GET /api/books - Fetching all books
[2025-02-25 18:56:53] [INFO] - GET /api/members - Fetching all members
[2025-02-25 18:56:53] [INFO] - GET /api/members - Fetching all members
[2025-02-25 18:56:54] [INFO] - GET /api/issuances - Fetching all issuances
[2025-02-25 18:56:54] [INFO] - GET /api/issuances - Fetching all issuances
[2025-02-25 18:56:55] [INFO] - GET /api/never-borrowed - Fetching books that were never borrowed
[2025-02-25 18:56:55] [INFO] - GET /api/top-borrowed - Fetching top 10 most borrowed books
[2025-02-25 18:56:55] [INFO] - GET /api/outstanding - Fetching outstanding books
[2025-02-25 18:56:55] [INFO] - GET /api/never-borrowed - Fetching books that were never borrowed
[2025-02-25 18:56:55] [INFO] - GET /api/top-borrowed - Fetching top 10 most borrowed books
[2025-02-25 18:56:55] [INFO] - GET /api/outstanding - Fetching outstanding books
[2025-02-25 18:56:59] [INFO] - GET /api/issuances - Fetching all issuances
[2025-02-25 18:56:59] [INFO] - GET /api/issuances - Fetching all issuances
[2025-02-25 18:56:59] [INFO] - GET /api/members - Fetching all members
[2025-02-25 18:56:59] [INFO] - GET /api/members - Fetching all members
[2025-02-25 18:57:00] [INFO] - GET /api/books - Fetching all books
[2025-02-25 18:57:00] [INFO] - GET /api/books - Fetching all books
[2025-02-25 18:57:01] [INFO] - GET /api/overdue - Fetching overdue books
[2025-02-25 18:57:01] [INFO] - GET /api/overdue - Fetching overdue books
